warning: Cannot parse .gnu_debugdata section; LZMA support was disabled at compile time
warning: Cannot parse .gnu_debugdata section; LZMA support was disabled at compile time
warning: Cannot parse .gnu_debugdata section; LZMA support was disabled at compile time
warning: Cannot parse .gnu_debugdata section; LZMA support was disabled at compile time
warning: Cannot parse .gnu_debugdata section; LZMA support was disabled at compile time
warning: Cannot parse .gnu_debugdata section; LZMA support was disabled at compile time
warning: Cannot parse .gnu_debugdata section; LZMA support was disabled at compile time
warning: Cannot parse .gnu_debugdata section; LZMA support was disabled at compile time
warning: Cannot parse .gnu_debugdata section; LZMA support was disabled at compile time
warning: Cannot parse .gnu_debugdata section; LZMA support was disabled at compile time
warning: Cannot parse .gnu_debugdata section; LZMA support was disabled at compile time
warning: Cannot parse .gnu_debugdata section; LZMA support was disabled at compile time
warning: Cannot parse .gnu_debugdata section; LZMA support was disabled at compile time
warning: Cannot parse .gnu_debugdata section; LZMA support was disabled at compile time
warning: Cannot parse .gnu_debugdata section; LZMA support was disabled at compile time
warning: Cannot parse .gnu_debugdata section; LZMA support was disabled at compile time
warning: Cannot parse .gnu_debugdata section; LZMA support was disabled at compile time
warning: Cuda API error detected: cudaMalloc returned (0x1e)

warning: Cuda API error detected: cudaMemcpy returned (0x1e)

warning: Cuda API error detected: cudaMalloc returned (0x1e)

warning: Cuda API error detected: cudaMalloc returned (0x1e)

warning: Cuda API error detected: cudaMalloc returned (0x1e)

warning: Cuda API error detected: cudaMalloc returned (0x1e)

warning: Cuda API error detected: cudaMalloc returned (0x1e)

warning: Cuda API error detected: cudaMemcpyAsync returned (0x1e)

warning: Cuda API error detected: cudaMemcpyAsync returned (0x1e)

warning: Cuda API error detected: cudaLaunch returned (0x1e)

warning: Cuda API error detected: cudaMemcpyAsync returned (0x1e)

warning: Cuda API error detected: cudaMemcpyAsync returned (0x1e)

warning: Cuda API error detected: cudaFree returned (0x1e)

warning: Cuda API error detected: cudaFree returned (0x1e)

warning: Cuda API error detected: cudaFree returned (0x1e)

warning: Cuda API error detected: cudaFree returned (0x1e)

warning: Cuda API error detected: cudaFree returned (0x1e)

warning: Cuda API error detected: cudaMalloc returned (0x1e)

warning: Cuda API error detected: cudaMalloc returned (0x1e)

warning: Cuda API error detected: cudaMalloc returned (0x1e)

warning: Cuda API error detected: cudaMalloc returned (0x1e)

warning: Cuda API error detected: cudaMalloc returned (0x1e)

warning: Cuda API error detected: cudaMemcpyAsync returned (0x1e)

warning: Cuda API error detected: cudaMemcpyAsync returned (0x1e)

warning: Cuda API error detected: cudaLaunch returned (0x1e)

warning: Cuda API error detected: cudaMemcpyAsync returned (0x1e)

warning: Cuda API error detected: cudaMemcpyAsync returned (0x1e)

warning: Cuda API error detected: cudaFree returned (0x1e)

warning: Cuda API error detected: cudaFree returned (0x1e)

warning: Cuda API error detected: cudaFree returned (0x1e)

warning: Cuda API error detected: cudaFree returned (0x1e)

warning: Cuda API error detected: cudaFree returned (0x1e)

warning: Cuda API error detected: cudaMalloc returned (0x1e)

warning: Cuda API error detected: cudaMalloc returned (0x1e)

warning: Cuda API error detected: cudaMalloc returned (0x1e)

warning: Cuda API error detected: cudaMalloc returned (0x1e)

warning: Cuda API error detected: cudaMalloc returned (0x1e)

warning: Cuda API error detected: cudaMemcpyAsync returned (0x1e)

warning: Cuda API error detected: cudaMemcpyAsync returned (0x1e)

warning: Cuda API error detected: cudaLaunch returned (0x1e)

warning: Cuda API error detected: cudaMemcpyAsync returned (0x1e)

warning: Cuda API error detected: cudaMemcpyAsync returned (0x1e)

warning: Cuda API error detected: cudaFree returned (0x1e)

warning: Cuda API error detected: cudaFree returned (0x1e)

warning: Cuda API error detected: cudaFree returned (0x1e)

warning: Cuda API error detected: cudaFree returned (0x1e)

warning: Cuda API error detected: cudaFree returned (0x1e)

warning: Cuda API error detected: cudaMalloc returned (0x1e)

warning: Cuda API error detected: cudaMalloc returned (0x1e)

warning: Cuda API error detected: cudaMalloc returned (0x1e)

warning: Cuda API error detected: cudaMalloc returned (0x1e)

warning: Cuda API error detected: cudaMalloc returned (0x1e)

warning: Cuda API error detected: cudaMemcpyAsync returned (0x1e)

warning: Cuda API error detected: cudaMemcpyAsync returned (0x1e)

warning: Cuda API error detected: cudaLaunch returned (0x1e)

warning: Cuda API error detected: cudaMemcpyAsync returned (0x1e)

warning: Cuda API error detected: cudaMemcpyAsync returned (0x1e)

warning: Cuda API error detected: cudaFree returned (0x1e)

warning: Cuda API error detected: cudaFree returned (0x1e)

warning: Cuda API error detected: cudaFree returned (0x1e)

warning: Cuda API error detected: cudaFree returned (0x1e)

warning: Cuda API error detected: cudaFree returned (0x1e)

warning: Cuda API error detected: cudaMalloc returned (0x1e)

warning: Cuda API error detected: cudaMalloc returned (0x1e)

warning: Cuda API error detected: cudaMalloc returned (0x1e)

warning: Cuda API error detected: cudaMalloc returned (0x1e)

warning: Cuda API error detected: cudaMalloc returned (0x1e)

warning: Cuda API error detected: cudaMemcpyAsync returned (0x1e)

warning: Cuda API error detected: cudaMemcpyAsync returned (0x1e)

warning: Cuda API error detected: cudaLaunch returned (0x1e)

warning: Cuda API error detected: cudaMemcpyAsync returned (0x1e)

warning: Cuda API error detected: cudaMemcpyAsync returned (0x1e)

warning: Cuda API error detected: cudaFree returned (0x1e)

warning: Cuda API error detected: cudaFree returned (0x1e)

warning: Cuda API error detected: cudaFree returned (0x1e)

warning: Cuda API error detected: cudaFree returned (0x1e)

warning: Cuda API error detected: cudaFree returned (0x1e)

warning: Cuda API error detected: cudaMalloc returned (0x1e)

warning: Cuda API error detected: cudaMalloc returned (0x1e)

warning: Cuda API error detected: cudaMalloc returned (0x1e)

warning: Cuda API error detected: cudaMalloc returned (0x1e)

warning: Cuda API error detected: cudaMalloc returned (0x1e)

warning: Cuda API error detected: cudaMemcpyAsync returned (0x1e)

warning: Cuda API error detected: cudaMemcpyAsync returned (0x1e)

warning: Cuda API error detected: cudaLaunch returned (0x1e)

warning: Cuda API error detected: cudaMemcpyAsync returned (0x1e)

warning: Cuda API error detected: cudaMemcpyAsync returned (0x1e)

warning: Cuda API error detected: cudaFree returned (0x1e)

warning: Cuda API error detected: cudaFree returned (0x1e)

warning: Cuda API error detected: cudaFree returned (0x1e)

warning: Cuda API error detected: cudaFree returned (0x1e)

warning: Cuda API error detected: cudaFree returned (0x1e)

warning: Cuda API error detected: cudaMalloc returned (0x1e)

warning: Cuda API error detected: cudaMalloc returned (0x1e)

warning: Cuda API error detected: cudaMalloc returned (0x1e)

warning: Cuda API error detected: cudaMalloc returned (0x1e)

warning: Cuda API error detected: cudaMalloc returned (0x1e)

warning: Cuda API error detected: cudaMemcpyAsync returned (0x1e)

warning: Cuda API error detected: cudaMemcpyAsync returned (0x1e)

warning: Cuda API error detected: cudaLaunch returned (0x1e)

warning: Cuda API error detected: cudaMemcpyAsync returned (0x1e)

warning: Cuda API error detected: cudaMemcpyAsync returned (0x1e)

warning: Cuda API error detected: cudaFree returned (0x1e)

warning: Cuda API error detected: cudaFree returned (0x1e)

warning: Cuda API error detected: cudaFree returned (0x1e)

warning: Cuda API error detected: cudaFree returned (0x1e)

warning: Cuda API error detected: cudaFree returned (0x1e)

warning: Cuda API error detected: cudaMalloc returned (0x1e)

warning: Cuda API error detected: cudaMalloc returned (0x1e)

warning: Cuda API error detected: cudaMalloc returned (0x1e)

warning: Cuda API error detected: cudaMalloc returned (0x1e)

warning: Cuda API error detected: cudaMalloc returned (0x1e)

warning: Cuda API error detected: cudaMemcpyAsync returned (0x1e)

warning: Cuda API error detected: cudaMemcpyAsync returned (0x1e)

warning: Cuda API error detected: cudaLaunch returned (0x1e)

warning: Cuda API error detected: cudaMemcpyAsync returned (0x1e)

warning: Cuda API error detected: cudaMemcpyAsync returned (0x1e)

warning: Cuda API error detected: cudaFree returned (0x1e)

warning: Cuda API error detected: cudaFree returned (0x1e)

warning: Cuda API error detected: cudaFree returned (0x1e)

warning: Cuda API error detected: cudaFree returned (0x1e)

warning: Cuda API error detected: cudaFree returned (0x1e)

warning: Cuda API error detected: cudaMalloc returned (0x1e)

warning: Cuda API error detected: cudaMalloc returned (0x1e)

warning: Cuda API error detected: cudaMalloc returned (0x1e)

warning: Cuda API error detected: cudaMalloc returned (0x1e)

warning: Cuda API error detected: cudaMalloc returned (0x1e)

warning: Cuda API error detected: cudaMemcpyAsync returned (0x1e)

warning: Cuda API error detected: cudaMemcpyAsync returned (0x1e)

warning: Cuda API error detected: cudaLaunch returned (0x1e)

warning: Cuda API error detected: cudaMemcpyAsync returned (0x1e)

warning: Cuda API error detected: cudaMemcpyAsync returned (0x1e)

warning: Cuda API error detected: cudaFree returned (0x1e)

warning: Cuda API error detected: cudaFree returned (0x1e)

warning: Cuda API error detected: cudaFree returned (0x1e)

warning: Cuda API error detected: cudaFree returned (0x1e)

warning: Cuda API error detected: cudaFree returned (0x1e)

warning: Cuda API error detected: cudaMalloc returned (0x1e)

warning: Cuda API error detected: cudaMalloc returned (0x1e)

warning: Cuda API error detected: cudaMalloc returned (0x1e)

warning: Cuda API error detected: cudaMalloc returned (0x1e)

warning: Cuda API error detected: cudaMalloc returned (0x1e)

warning: Cuda API error detected: cudaMemcpyAsync returned (0x1e)

warning: Cuda API error detected: cudaMemcpyAsync returned (0x1e)

warning: Cuda API error detected: cudaLaunch returned (0x1e)

warning: Cuda API error detected: cudaMemcpyAsync returned (0x1e)

warning: Cuda API error detected: cudaMemcpyAsync returned (0x1e)

warning: Cuda API error detected: cudaFree returned (0x1e)

warning: Cuda API error detected: cudaFree returned (0x1e)

warning: Cuda API error detected: cudaFree returned (0x1e)

warning: Cuda API error detected: cudaFree returned (0x1e)

warning: Cuda API error detected: cudaFree returned (0x1e)

warning: Cuda API error detected: cudaMalloc returned (0x1e)

warning: Cuda API error detected: cudaMalloc returned (0x1e)

warning: Cuda API error detected: cudaMalloc returned (0x1e)

warning: Cuda API error detected: cudaMalloc returned (0x1e)

warning: Cuda API error detected: cudaMalloc returned (0x1e)

warning: Cuda API error detected: cudaMemcpyAsync returned (0x1e)

warning: Cuda API error detected: cudaMemcpyAsync returned (0x1e)

warning: Cuda API error detected: cudaLaunch returned (0x1e)

warning: Cuda API error detected: cudaMemcpyAsync returned (0x1e)

warning: Cuda API error detected: cudaMemcpyAsync returned (0x1e)

warning: Cuda API error detected: cudaFree returned (0x1e)

warning: Cuda API error detected: cudaFree returned (0x1e)

warning: Cuda API error detected: cudaFree returned (0x1e)

warning: Cuda API error detected: cudaFree returned (0x1e)

warning: Cuda API error detected: cudaFree returned (0x1e)

warning: Cuda API error detected: cudaMalloc returned (0x1e)

warning: Cuda API error detected: cudaMalloc returned (0x1e)

warning: Cuda API error detected: cudaMalloc returned (0x1e)

warning: Cuda API error detected: cudaMalloc returned (0x1e)

warning: Cuda API error detected: cudaMalloc returned (0x1e)

warning: Cuda API error detected: cudaMemcpyAsync returned (0x1e)

warning: Cuda API error detected: cudaMemcpyAsync returned (0x1e)

warning: Cuda API error detected: cudaLaunch returned (0x1e)

warning: Cuda API error detected: cudaMemcpyAsync returned (0x1e)

warning: Cuda API error detected: cudaMemcpyAsync returned (0x1e)

warning: Cuda API error detected: cudaFree returned (0x1e)

warning: Cuda API error detected: cudaFree returned (0x1e)

warning: Cuda API error detected: cudaFree returned (0x1e)

warning: Cuda API error detected: cudaFree returned (0x1e)

warning: Cuda API error detected: cudaFree returned (0x1e)

warning: Cuda API error detected: cudaMalloc returned (0x1e)

